[  7%] [32mBuilding CXX object CMakeFiles/rplidarNode.dir/sdk/src/arch/linux/net_socket.cpp.o[0m
[ 21%] Built target rplidarNodeClient
[ 28%] [32mBuilding CXX object CMakeFiles/rplidarNode.dir/sdk/src/arch/linux/timer.cpp.o[0m
[ 35%] [32mBuilding CXX object CMakeFiles/rplidarNode.dir/sdk/src/hal/thread.cpp.o[0m
[ 42%] [32mBuilding CXX object CMakeFiles/rplidarNode.dir/sdk/src/rplidar_driver.cpp.o[0m
[ 50%] [32mBuilding CXX object CMakeFiles/rplidarNode.dir/sdk/src/sl_crc.cpp.o[0m
[ 57%] [32mBuilding CXX object CMakeFiles/rplidarNode.dir/sdk/src/sl_lidar_driver.cpp.o[0m
[ 64%] [32mBuilding CXX object CMakeFiles/rplidarNode.dir/sdk/src/sl_serial_channel.cpp.o[0m
[01m[K/home/ubuntu/capstone_ws/src/rplidar_ros/sdk/src/sl_serial_channel.cpp:33:9:[m[K [01;35m[Kwarning: [m[K#pragma once in main file
   33 | #pragma [01;35m[Konce[m[K
      |         [01;35m[K^~~~[m[K
[ 71%] [32mBuilding CXX object CMakeFiles/rplidarNode.dir/sdk/src/sl_tcp_channel.cpp.o[0m
[01m[K/home/ubuntu/capstone_ws/src/rplidar_ros/sdk/src/sl_tcp_channel.cpp:33:9:[m[K [01;35m[Kwarning: [m[K#pragma once in main file
   33 | #pragma [01;35m[Konce[m[K
      |         [01;35m[K^~~~[m[K
[ 78%] [32mBuilding CXX object CMakeFiles/rplidarNode.dir/sdk/src/sl_udp_channel.cpp.o[0m
[01m[K/home/ubuntu/capstone_ws/src/rplidar_ros/sdk/src/sl_udp_channel.cpp:33:9:[m[K [01;35m[Kwarning: [m[K#pragma once in main file
   33 | #pragma [01;35m[Konce[m[K
      |         [01;35m[K^~~~[m[K
[ 85%] [32m[1mLinking CXX executable /home/ubuntu/capstone_ws/devel/.private/rplidar_ros/lib/rplidar_ros/rplidarNode[0m
[100%] Built target rplidarNode
