In file included from [01m[K/home/jeremy/capstone_ws/src/ros_mpu6050_node/src/mpu6050_node.cpp:19[m[K:
[01m[K/usr/share/arduino/libraries/i2cdevlib/Arduino/MPU6050/MPU6050_6Axis_MotionApps20.h:56:[m[K [01;35m[Kwarning: [m[K"PSTR" redefined
   56 |         #define PSTR(str) (str)
      | 
In file included from [01m[K/usr/share/arduino/libraries/i2cdevlib/Arduino/MPU6050/MPU6050_6Axis_MotionApps20.h:42[m[K,
                 from [01m[K/home/jeremy/capstone_ws/src/ros_mpu6050_node/src/mpu6050_node.cpp:19[m[K:
[01m[K/usr/share/arduino/libraries/i2cdevlib/Arduino/MPU6050/MPU6050.h:52:[m[K [01;36m[Knote: [m[Kthis is the location of the previous definition
   52 | #define PSTR(STR) STR
      | 
In file included from [01m[K/home/jeremy/capstone_ws/src/ros_mpu6050_node/src/mpu6050_node.cpp:19[m[K:
[01m[K/usr/share/arduino/libraries/i2cdevlib/Arduino/MPU6050/MPU6050_6Axis_MotionApps20.h:73:[m[K [01;35m[Kwarning: [m[K"pgm_read_byte" redefined
   73 |         #define pgm_read_byte(addr) (*(const unsigned char *)(addr))
      | 
In file included from [01m[K/usr/share/arduino/libraries/i2cdevlib/Arduino/MPU6050/MPU6050_6Axis_MotionApps20.h:42[m[K,
                 from [01m[K/home/jeremy/capstone_ws/src/ros_mpu6050_node/src/mpu6050_node.cpp:19[m[K:
[01m[K/usr/share/arduino/libraries/i2cdevlib/Arduino/MPU6050/MPU6050.h:49:[m[K [01;36m[Knote: [m[Kthis is the location of the previous definition
   49 | #define pgm_read_byte(x) (*(x))
      | 
In file included from [01m[K/home/jeremy/capstone_ws/src/ros_mpu6050_node/src/mpu6050_node.cpp:19[m[K:
[01m[K/usr/share/arduino/libraries/i2cdevlib/Arduino/MPU6050/MPU6050_6Axis_MotionApps20.h:74:[m[K [01;35m[Kwarning: [m[K"pgm_read_word" redefined
   74 |         #define pgm_read_word(addr) (*(const unsigned short *)(addr))
      | 
In file included from [01m[K/usr/share/arduino/libraries/i2cdevlib/Arduino/MPU6050/MPU6050_6Axis_MotionApps20.h:42[m[K,
                 from [01m[K/home/jeremy/capstone_ws/src/ros_mpu6050_node/src/mpu6050_node.cpp:19[m[K:
[01m[K/usr/share/arduino/libraries/i2cdevlib/Arduino/MPU6050/MPU6050.h:50:[m[K [01;36m[Knote: [m[Kthis is the location of the previous definition
   50 | #define pgm_read_word(x) (*(x))
      | 
In file included from [01m[K/home/jeremy/capstone_ws/src/ros_mpu6050_node/src/mpu6050_node.cpp:19[m[K:
[01m[K/usr/share/arduino/libraries/i2cdevlib/Arduino/MPU6050/MPU6050_6Axis_MotionApps20.h:76:[m[K [01;35m[Kwarning: [m[K"pgm_read_float" redefined
   76 |         #define pgm_read_float(addr) (*(const float *)(addr))
      | 
In file included from [01m[K/usr/share/arduino/libraries/i2cdevlib/Arduino/MPU6050/MPU6050_6Axis_MotionApps20.h:42[m[K,
                 from [01m[K/home/jeremy/capstone_ws/src/ros_mpu6050_node/src/mpu6050_node.cpp:19[m[K:
[01m[K/usr/share/arduino/libraries/i2cdevlib/Arduino/MPU6050/MPU6050.h:51:[m[K [01;36m[Knote: [m[Kthis is the location of the previous definition
   51 | #define pgm_read_float(x) (*(x))
      | 
[01m[K/home/jeremy/capstone_ws/src/ros_mpu6050_node/src/mpu6050_node.cpp:[m[K In function ‘[01m[Kvoid loop(ros::NodeHandle, ros::NodeHandle)[m[K’:
[01m[K/home/jeremy/capstone_ws/src/ros_mpu6050_node/src/mpu6050_node.cpp:243:47:[m[K [01;35m[Kwarning: [m[Kformat ‘[01m[K%d[m[K’ expects argument of type ‘[01m[Kint[m[K’, but argument 2 has type ‘[01m[Kgeometry_msgs::Vector3_<std::allocator<void> >::_x_type[m[K’ {aka ‘[01m[Kdouble[m[K’} [[01;35m[K-Wformat=[m[K]
  243 |             if(debug) printf("areal (m/s^2) [01;35m[K%6d[m[K %6d %6d    ", [32m[Kimu_msg.linear_acceleration.x[m[K, imu_msg.linear_acceleration.y, imu_msg.linear_acceleration.z);
      |                                             [01;35m[K~~^[m[K               [32m[K~~~~~~~~~~~~~~~~~~~~~~~~~~~~~[m[K
      |                                               [01;35m[K|[m[K                                           [32m[K|[m[K
      |                                               [01;35m[Kint[m[K                                         [32m[Kgeometry_msgs::Vector3_<std::allocator<void> >::_x_type {aka double}[m[K
      |                                             [32m[K%6f[m[K
[01m[K/home/jeremy/capstone_ws/src/ros_mpu6050_node/src/mpu6050_node.cpp:243:51:[m[K [01;35m[Kwarning: [m[Kformat ‘[01m[K%d[m[K’ expects argument of type ‘[01m[Kint[m[K’, but argument 3 has type ‘[01m[Kgeometry_msgs::Vector3_<std::allocator<void> >::_y_type[m[K’ {aka ‘[01m[Kdouble[m[K’} [[01;35m[K-Wformat=[m[K]
  243 |             if(debug) printf("areal (m/s^2) %6d [01;35m[K%6d[m[K %6d    ", imu_msg.linear_acceleration.x, [32m[Kimu_msg.linear_acceleration.y[m[K, imu_msg.linear_acceleration.z);
      |                                                 [01;35m[K~~^[m[K                                          [32m[K~~~~~~~~~~~~~~~~~~~~~~~~~~~~~[m[K
      |                                                   [01;35m[K|[m[K                                                                      [32m[K|[m[K
      |                                                   [01;35m[Kint[m[K                                                                    [32m[Kgeometry_msgs::Vector3_<std::allocator<void> >::_y_type {aka double}[m[K
      |                                                 [32m[K%6f[m[K
[01m[K/home/jeremy/capstone_ws/src/ros_mpu6050_node/src/mpu6050_node.cpp:243:55:[m[K [01;35m[Kwarning: [m[Kformat ‘[01m[K%d[m[K’ expects argument of type ‘[01m[Kint[m[K’, but argument 4 has type ‘[01m[Kgeometry_msgs::Vector3_<std::allocator<void> >::_z_type[m[K’ {aka ‘[01m[Kdouble[m[K’} [[01;35m[K-Wformat=[m[K]
  243 |             if(debug) printf("areal (m/s^2) %6d %6d [01;35m[K%6d[m[K    ", imu_msg.linear_acceleration.x, imu_msg.linear_acceleration.y, [32m[Kimu_msg.linear_acceleration.z[m[K);
      |                                                     [01;35m[K~~^[m[K                                                                     [32m[K~~~~~~~~~~~~~~~~~~~~~~~~~~~~~[m[K
      |                                                       [01;35m[K|[m[K                                                                                                 [32m[K|[m[K
      |                                                       [01;35m[Kint[m[K                                                                                               [32m[Kgeometry_msgs::Vector3_<std::allocator<void> >::_z_type {aka double}[m[K
      |                                                     [32m[K%6f[m[K
