[35m[1mScanning dependencies of target classifier_dataset_generator[0m
[35m[1mScanning dependencies of target mrf_failure_detector[0m
[35m[1mScanning dependencies of target gl_pose_sampler[0m
[35m[1mScanning dependencies of target evaluator[0m
[35m[1mScanning dependencies of target sm[0m
[35m[1mScanning dependencies of target mcl[0m
[35m[1mScanning dependencies of target scan2pc[0m
[35m[1mScanning dependencies of target slamer[0m
[ 11%] [32mBuilding CXX object CMakeFiles/mrf_failure_detector.dir/src/mrf_failure_detector.cpp.o[0m
[ 11%] [32mBuilding CXX object CMakeFiles/scan2pc.dir/src/scan2pc.cpp.o[0m
[ 16%] [32mBuilding CXX object CMakeFiles/evaluator.dir/src/evaluator.cpp.o[0m
[ 22%] [32mBuilding CXX object CMakeFiles/classifier_dataset_generator.dir/src/classifier_dataset_generator.cpp.o[0m
[ 27%] [32mBuilding CXX object CMakeFiles/sm.dir/src/sm.cpp.o[0m
[ 33%] [32mBuilding CXX object CMakeFiles/mcl.dir/src/mcl.cpp.o[0m
[ 38%] [32mBuilding CXX object CMakeFiles/gl_pose_sampler.dir/src/gl_pose_sampler.cpp.o[0m
[ 44%] [32mBuilding CXX object CMakeFiles/slamer.dir/src/slamer.cpp.o[0m
[ 50%] [32m[1mLinking CXX executable /home/jeremy/capstone_ws/devel/.private/als_ros/lib/als_ros/scan2pc[0m
[ 55%] [32m[1mLinking CXX executable /home/jeremy/capstone_ws/devel/.private/als_ros/lib/als_ros/mrf_failure_detector[0m
[ 55%] Built target scan2pc
[ 55%] Built target mrf_failure_detector
[35m[1mScanning dependencies of target mae_classifier_learning[0m
[ 61%] [32mBuilding CXX object CMakeFiles/mae_classifier_learning.dir/src/mae_classifier_learning.cpp.o[0m
[ 66%] [32m[1mLinking CXX executable /home/jeremy/capstone_ws/devel/.private/als_ros/lib/als_ros/classifier_dataset_generator[0m
[ 72%] [32m[1mLinking CXX executable /home/jeremy/capstone_ws/devel/.private/als_ros/lib/als_ros/evaluator[0m
[ 72%] Built target classifier_dataset_generator
[ 72%] Built target evaluator
[ 77%] [32m[1mLinking CXX executable /home/jeremy/capstone_ws/devel/.private/als_ros/lib/als_ros/gl_pose_sampler[0m
[ 83%] [32m[1mLinking CXX executable /home/jeremy/capstone_ws/devel/.private/als_ros/lib/als_ros/sm[0m
[ 88%] [32m[1mLinking CXX executable /home/jeremy/capstone_ws/devel/.private/als_ros/lib/als_ros/mcl[0m
[ 88%] Built target gl_pose_sampler
[ 88%] Built target sm
[ 94%] [32m[1mLinking CXX executable /home/jeremy/capstone_ws/devel/.private/als_ros/lib/als_ros/mae_classifier_learning[0m
[ 94%] Built target mcl
[ 94%] Built target mae_classifier_learning
[100%] [32m[1mLinking CXX executable /home/jeremy/capstone_ws/devel/.private/als_ros/lib/als_ros/slamer[0m
[100%] Built target slamer
