[  0%] Built target tf2_msgs_generate_messages_nodejs
[ 14%] Built target costmap_2d_gencfg
[ 14%] Built target std_msgs_generate_messages_py
[ 14%] Built target map_msgs_generate_messages_py
[ 14%] Built target _costmap_2d_generate_messages_check_deps_VoxelGrid
[ 14%] Built target geometry_msgs_generate_messages_py
[ 14%] Built target std_msgs_generate_messages_cpp
[ 14%] Built target map_msgs_generate_messages_cpp
[ 14%] Built target geometry_msgs_generate_messages_cpp
[ 14%] Built target visualization_msgs_generate_messages_py
[ 14%] Built target visualization_msgs_generate_messages_nodejs
[ 14%] Built target visualization_msgs_generate_messages_lisp
[ 14%] Built target nav_msgs_generate_messages_lisp
[ 14%] Built target nav_msgs_generate_messages_eus
[ 14%] Built target visualization_msgs_generate_messages_eus
[ 14%] Built target nav_msgs_generate_messages_cpp
[ 14%] Built target map_msgs_generate_messages_nodejs
[ 14%] Built target roscpp_generate_messages_eus
[ 14%] Built target tf_generate_messages_nodejs
[ 14%] Built target roscpp_generate_messages_py
[ 14%] Built target tf_generate_messages_cpp
[ 14%] Built target geometry_msgs_generate_messages_lisp
[ 14%] Built target geometry_msgs_generate_messages_eus
[ 14%] Built target std_msgs_generate_messages_nodejs
[ 14%] Built target map_msgs_generate_messages_lisp
[ 14%] Built target std_msgs_generate_messages_lisp
[ 14%] Built target roscpp_generate_messages_lisp
[ 14%] Built target actionlib_generate_messages_lisp
[ 14%] Built target nav_msgs_generate_messages_nodejs
[ 14%] Built target sensor_msgs_generate_messages_cpp
